<?xml version="1.0" encoding="UTF-8"?>
<!-- Generated by org.testng.reporters.JUnitReportReporter -->
<testsuite hostname="DESKTOP-1H5GCMD" failures="0" tests="1" name="TestNGExamples.TestNGEx1" time="5.666" errors="0" timestamp="2023-10-14T18:25:59 IST" skipped="0">
  <testcase classname="TestNGExamples.TestNGEx1" name="varifyTitleWebPage" time="5.666"/>
  <system-out/>
</testsuite> <!-- TestNGExamples.TestNGEx1 -->
