<?xml version="1.0" encoding="UTF-8"?>
<!-- Generated by org.testng.reporters.JUnitReportReporter -->
<testsuite hostname="DESKTOP-1H5GCMD" failures="0" tests="1" name="TestNGExamples.TestNgEx2" time="9.125" errors="0" timestamp="2023-04-18T01:54:35 IST" skipped="0">
  <testcase classname="TestNGExamples.TestNgEx2" name="f" time="9.125"/>
  <system-out/>
</testsuite> <!-- TestNGExamples.TestNgEx2 -->
