<?xml version="1.0" encoding="UTF-8"?>
<!-- Generated by org.testng.reporters.JUnitReportReporter -->
<testsuite hostname="DESKTOP-1H5GCMD" failures="0" tests="1" name="TestNGExamples.TestNGEx1" time="10.132" errors="0" timestamp="2023-04-27T03:41:34 IST" skipped="0">
  <testcase classname="TestNGExamples.TestNGEx1" name="varifyTitleWebPage" time="10.132"/>
  <system-out/>
</testsuite> <!-- TestNGExamples.TestNGEx1 -->
