<?xml version="1.0" encoding="UTF-8"?>
<!-- Generated by org.testng.reporters.JUnitReportReporter -->
<testsuite hostname="DESKTOP-1H5GCMD" failures="0" tests="1" name="TestNGExamples.TestCase4" time="9.922" errors="0" timestamp="2023-04-27T23:43:03 IST" skipped="0">
  <testcase classname="TestNGExamples.TestCase4" name="Login" time="9.922"/>
  <system-out/>
</testsuite> <!-- TestNGExamples.TestCase4 -->
