<?xml version="1.0" encoding="UTF-8"?>
<!-- Generated by org.testng.reporters.JUnitReportReporter -->
<testsuite hostname="DESKTOP-1H5GCMD" failures="0" tests="2" name="Page_Object_model_TestCase.Loginpage_Testcase" time="12.804" errors="0" timestamp="2023-05-06T16:27:36 IST" skipped="1">
  <testcase classname="Page_Object_model_TestCase.Loginpage_Testcase" name="varify_login_SubTabname" time="12.804"/>
  <system-out/>
  <testcase classname="Page_Object_model_TestCase.Loginpage_Testcase" name="varify_login_page">
    <skipped/>
  </testcase> <!-- varify_login_page -->
  <system-out/>
</testsuite> <!-- Page_Object_model_TestCase.Loginpage_Testcase -->
