<?xml version="1.0" encoding="UTF-8"?>
<!-- Generated by org.testng.reporters.JUnitReportReporter -->
<testsuite hostname="DESKTOP-1H5GCMD" failures="0" tests="4" name="TestNGExamples.TestcaseEx3" time="0.044" errors="0" timestamp="2023-04-18T09:56:44 IST" skipped="0">
  <testcase classname="TestNGExamples.TestcaseEx3" name="TestcaseMethod" time="0.023"/>
  <system-out/>
  <testcase classname="TestNGExamples.TestcaseEx3" name="TestcaseMethod4" time="0.007"/>
  <system-out/>
  <testcase classname="TestNGExamples.TestcaseEx3" name="testcaseMethod2" time="0.007"/>
  <system-out/>
  <testcase classname="TestNGExamples.TestcaseEx3" name="TestcaseMethod3" time="0.007"/>
  <system-out/>
</testsuite> <!-- TestNGExamples.TestcaseEx3 -->
