<?xml version="1.0" encoding="UTF-8"?>
<!-- Generated by org.testng.reporters.JUnitReportReporter -->
<testsuite hostname="DESKTOP-1H5GCMD" failures="0" tests="1" name="TestNGExamples.TestCase4" time="19.437" errors="0" timestamp="2023-05-01T11:45:48 IST" skipped="0">
  <testcase classname="TestNGExamples.TestCase4" name="Login" time="19.437"/>
  <system-out/>
</testsuite> <!-- TestNGExamples.TestCase4 -->
